<?xml version="1.0" encoding="UTF-8"?>
<testng-results ignored="0" total="1" passed="1" failed="0" skipped="0">
  <reporter-output>
  </reporter-output>
  <suite started-at="2023-07-29T10:26:59 EDT" name="Default suite" finished-at="2023-07-29T10:27:06 EDT" duration-ms="7586">
    <groups>
    </groups>
    <test started-at="2023-07-29T10:26:59 EDT" name="Default test" finished-at="2023-07-29T10:27:06 EDT" duration-ms="7586">
      <class name="com.facebook.Navigation">
        <test-method is-config="true" signature="openApplication()[pri:0, instance:com.facebook.Navigation@5c6648b0]" started-at="2023-07-29T10:26:59 EDT" name="openApplication" finished-at="2023-07-29T10:27:04 EDT" duration-ms="5332" status="PASS">
          <reporter-output>
          </reporter-output>
        </test-method> <!-- openApplication -->
        <test-method signature="linkTest()[pri:0, instance:com.facebook.Navigation@5c6648b0]" started-at="2023-07-29T10:27:04 EDT" name="linkTest" finished-at="2023-07-29T10:27:06 EDT" duration-ms="2169" status="PASS">
          <reporter-output>
          </reporter-output>
        </test-method> <!-- linkTest -->
      </class> <!-- com.facebook.Navigation -->
    </test> <!-- Default test -->
  </suite> <!-- Default suite -->
</testng-results>
